#
# There is insufficient memory for the Java Runtime Environment to continue.
# Native memory allocation (malloc) failed to allocate 281136 bytes for Chunk::new
# Possible reasons:
#   The system is out of physical RAM or swap space
#   The process is running with CompressedOops enabled, and the Java Heap may be blocking the growth of the native heap
# Possible solutions:
#   Reduce memory load on the system
#   Increase physical memory or swap space
#   Check if swap backing store is full
#   Decrease Java heap size (-Xmx/-Xms)
#   Decrease number of Java threads
#   Decrease Java thread stack sizes (-Xss)
#   Set larger code cache with -XX:ReservedCodeCacheSize=
#   JVM is running with Unscaled Compressed Oops mode in which the Java heap is
#     placed in the first 4GB address space. The Java Heap base address is the
#     maximum limit for the native heap growth. Please use -XX:HeapBaseMinAddress
#     to set the Java Heap base and to place the Java Heap above 4GB virtual address.
# This output file may be truncated or incomplete.
#
#  Out of Memory Error (allocation.cpp:389), pid=10532, tid=0x00000000000030c8
#
# JRE version: Java(TM) SE Runtime Environment (8.0_221-b11) (build 1.8.0_221-b11)
# Java VM: Java HotSpot(TM) 64-Bit Server VM (25.221-b11 mixed mode windows-amd64 compressed oops)
# Failed to write core dump. Minidumps are not enabled by default on client versions of Windows
#

---------------  T H R E A D  ---------------

Current thread (0x000000001509c800):  JavaThread "C2 CompilerThread0" daemon [_thread_in_native, id=12488, stack(0x0000000016710000,0x0000000016810000)]

Stack: [0x0000000016710000,0x0000000016810000]
[error occurred during error reporting (printing stack bounds), id 0xc0000005]

Native frames: (J=compiled Java code, j=interpreted, Vv=VM code, C=native code)


Current CompileTask:
C2:   5362 1296 % !   4       com.sun.crypto.provider.PBKDF2KeyImpl::deriveKey @ 191 (293 bytes)


---------------  P R O C E S S  ---------------

Java Threads: ( => current thread )
  0x00000000178b3800 JavaThread "Image Fetcher 0" daemon [_thread_blocked, id=4600, stack(0x0000000018cd0000,0x0000000018dd0000)]
  0x0000000017858800 JavaThread "CleanCursors-1-thread-1" daemon [_thread_blocked, id=8184, stack(0x00000000183d0000,0x00000000184d0000)]
  0x0000000017815000 JavaThread "cluster-ClusterId{value='5d7bd556d7bb2229242b0a24', description='null'}-bhwcmxxhfbpi38d-mongodb.services.clever-cloud.com:27017" daemon [_thread_in_native, id=2876, stack(0x00000000182d0000,0x00000000183d0000)]
  0x000000000294d800 JavaThread "DestroyJavaVM" [_thread_blocked, id=5444, stack(0x0000000002750000,0x0000000002850000)]
  0x0000000016bba800 JavaThread "AWT-EventQueue-0" [_thread_in_native, id=3788, stack(0x0000000017470000,0x0000000017570000)]
  0x0000000016ba4800 JavaThread "AWT-Windows" daemon [_thread_in_native, id=8312, stack(0x0000000017370000,0x0000000017470000)]
  0x0000000016ba4000 JavaThread "AWT-Shutdown" [_thread_blocked, id=8508, stack(0x0000000017270000,0x0000000017370000)]
  0x0000000016ba3000 JavaThread "Java2D Disposer" daemon [_thread_blocked, id=16576, stack(0x0000000017170000,0x0000000017270000)]
  0x0000000016817000 JavaThread "Service Thread" daemon [_thread_blocked, id=13056, stack(0x0000000016e10000,0x0000000016f10000)]
  0x00000000150fe000 JavaThread "C1 CompilerThread2" daemon [_thread_blocked, id=1264, stack(0x0000000016d10000,0x0000000016e10000)]
  0x00000000150fd800 JavaThread "C2 CompilerThread1" daemon [_thread_in_native, id=6368, stack(0x0000000016c10000,0x0000000016d10000)]
=>0x000000001509c800 JavaThread "C2 CompilerThread0" daemon [_thread_in_native, id=12488, stack(0x0000000016710000,0x0000000016810000)]
  0x000000001509a800 JavaThread "Attach Listener" daemon [_thread_blocked, id=16988, stack(0x0000000016610000,0x0000000016710000)]
  0x0000000015099800 JavaThread "Signal Dispatcher" daemon [_thread_blocked, id=12780, stack(0x0000000016510000,0x0000000016610000)]
  0x000000001508a800 JavaThread "Finalizer" daemon [_thread_blocked, id=14784, stack(0x0000000016300000,0x0000000016400000)]
  0x0000000015069000 JavaThread "Reference Handler" daemon [_thread_blocked, id=9436, stack(0x0000000016200000,0x0000000016300000)]

Other Threads:
  0x0000000015068000 VMThread [stack: 0x0000000016100000,0x0000000016200000] [id=8896]
  0x0000000016818800 WatcherThread [stack: 0x0000000016f10000,0x0000000017010000] [id=15840]

VM state:not at safepoint (normal execution)

VM Mutex/Monitor currently owned by a thread: None

heap address: 0x00000000c0e00000, size: 1010 MB, Compressed Oops mode: 32-bit
Narrow klass base: 0x0000000000000000, Narrow klass shift: 3
Compressed class space size: 1073741824 Address: 0x0000000100000000

Heap:
 PSYoungGen      total 18944K, used 17742K [0x00000000eaf80000, 0x00000000ec480000, 0x0000000100000000)
  eden space 16384K, 92% used [0x00000000eaf80000,0x00000000ebe57478,0x00000000ebf80000)
  from space 2560K, 99% used [0x00000000ebf80000,0x00000000ec1fc3a0,0x00000000ec200000)
  to   space 2560K, 0% used [0x00000000ec200000,0x00000000ec200000,0x00000000ec480000)
 ParOldGen       total 44032K, used 766K [0x00000000c0e00000, 0x00000000c3900000, 0x00000000eaf80000)
  object space 44032K, 1% used [0x00000000c0e00000,0x00000000c0ebfad8,0x00000000c3900000)
 Metaspace       used 15893K, capacity 16166K, committed 16512K, reserved 1064960K
  class space    used 1958K, capacity 2054K, committed 2176K, reserved 1048576K

Card table byte_map: [0x0000000011e10000,0x0000000012010000] byte_map_base: 0x0000000011809000

Marking Bits: (ParMarkBitMap*) 0x0000000070775ce0
 Begin Bits: [0x0000000012570000, 0x0000000013538000)
 End Bits:   [0x0000000013538000, 0x0000000014500000)

Polling page: 0x0000000000bf0000

CodeCache: size=245760Kb used=4371Kb max_used=4373Kb free=241388Kb
 bounds [0x0000000002a50000, 0x0000000002ea0000, 0x0000000011a50000]
 total_blobs=1837 nmethods=1321 adapters=428
 compilation: enabled

Compilation events (10 events):
Event: 5.339 Thread 0x00000000150fe000 1325       1       sun.nio.ch.NativeThread::current (2 bytes)
Event: 5.339 Thread 0x00000000150fe000 nmethod 1325 0x0000000002e93a10 code [0x0000000002e93b60, 0x0000000002e93c50]
Event: 5.339 Thread 0x00000000150fe000 1326       3       java.nio.channels.spi.AbstractInterruptibleChannel::blockedOn (13 bytes)
Event: 5.340 Thread 0x00000000150fe000 nmethod 1326 0x0000000002e93190 code [0x0000000002e93320, 0x0000000002e93810]
Event: 5.340 Thread 0x00000000150fe000 1327       3       java.lang.System$2::blockedOn (6 bytes)
Event: 5.341 Thread 0x00000000150fe000 nmethod 1327 0x0000000002e92ad0 code [0x0000000002e92c40, 0x0000000002e93030]
Event: 5.354 Thread 0x00000000150fe000 1328       3       java.nio.Bits::byteOrder (20 bytes)
Event: 5.354 Thread 0x00000000150fe000 nmethod 1328 0x0000000002e98050 code [0x0000000002e981a0, 0x0000000002e982f0]
Event: 5.354 Thread 0x00000000150fe000 1329       3       java.nio.Buffer::limit (62 bytes)
Event: 5.355 Thread 0x00000000150fe000 nmethod 1329 0x0000000002e97b10 code [0x0000000002e97c80, 0x0000000002e97f88]

GC Heap History (2 events):
Event: 3.364 GC heap before
{Heap before GC invocations=1 (full 0):
 PSYoungGen      total 18944K, used 16384K [0x00000000eaf80000, 0x00000000ec480000, 0x0000000100000000)
  eden space 16384K, 100% used [0x00000000eaf80000,0x00000000ebf80000,0x00000000ebf80000)
  from space 2560K, 0% used [0x00000000ec200000,0x00000000ec200000,0x00000000ec480000)
  to   space 2560K, 0% used [0x00000000ebf80000,0x00000000ebf80000,0x00000000ec200000)
 ParOldGen       total 44032K, used 0K [0x00000000c0e00000, 0x00000000c3900000, 0x00000000eaf80000)
  object space 44032K, 0% used [0x00000000c0e00000,0x00000000c0e00000,0x00000000c3900000)
 Metaspace       used 9674K, capacity 9922K, committed 10240K, reserved 1058816K
  class space    used 1127K, capacity 1233K, committed 1280K, reserved 1048576K
Event: 3.375 GC heap after
Heap after GC invocations=1 (full 0):
 PSYoungGen      total 18944K, used 2544K [0x00000000eaf80000, 0x00000000ec480000, 0x0000000100000000)
  eden space 16384K, 0% used [0x00000000eaf80000,0x00000000eaf80000,0x00000000ebf80000)
  from space 2560K, 99% used [0x00000000ebf80000,0x00000000ec1fc3a0,0x00000000ec200000)
  to   space 2560K, 0% used [0x00000000ec200000,0x00000000ec200000,0x00000000ec480000)
 ParOldGen       total 44032K, used 766K [0x00000000c0e00000, 0x00000000c3900000, 0x00000000eaf80000)
  object space 44032K, 1% used [0x00000000c0e00000,0x00000000c0ebfad8,0x00000000c3900000)
 Metaspace       used 9674K, capacity 9922K, committed 10240K, reserved 1058816K
  class space    used 1127K, capacity 1233K, committed 1280K, reserved 1048576K
}

Deoptimization events (10 events):
Event: 4.389 Thread 0x0000000017815000 Uncommon trap: reason=unstable_if action=reinterpret pc=0x0000000002c58e1c method=java.lang.CharacterDataLatin1.digit(II)I @ 82
Event: 4.403 Thread 0x0000000017815000 Uncommon trap: reason=predicate action=maybe_recompile pc=0x0000000002dc2edc method=sun.net.www.ParseUtil.encodePath(Ljava/lang/String;Z)Ljava/lang/String; @ 36
Event: 4.511 Thread 0x0000000016bba800 Uncommon trap: reason=class_check action=maybe_recompile pc=0x0000000002d3db78 method=java.util.HashMap.putVal(ILjava/lang/Object;Ljava/lang/Object;ZZ)Ljava/lang/Object; @ 91
Event: 4.540 Thread 0x0000000016bba800 Uncommon trap: reason=unstable_if action=reinterpret pc=0x0000000002d51220 method=java.util.Arrays.equals([B[B)Z @ 2
Event: 4.572 Thread 0x0000000016bba800 Uncommon trap: reason=unstable_if action=reinterpret pc=0x0000000002c66444 method=java.lang.AbstractStringBuilder.append(Ljava/lang/String;)Ljava/lang/AbstractStringBuilder; @ 1
Event: 4.595 Thread 0x0000000016bba800 Uncommon trap: reason=unstable_if action=reinterpret pc=0x0000000002d3dc5c method=java.util.HashMap.hash(Ljava/lang/Object;)I @ 1
Event: 4.724 Thread 0x0000000016bba800 Uncommon trap: reason=unstable_if action=reinterpret pc=0x0000000002c9a568 method=java.util.HashMap.hash(Ljava/lang/Object;)I @ 1
Event: 4.887 Thread 0x0000000016ba4800 Uncommon trap: reason=class_check action=maybe_recompile pc=0x0000000002d5d5f0 method=java.util.HashMap.putVal(ILjava/lang/Object;Ljava/lang/Object;ZZ)Ljava/lang/Object; @ 91
Event: 4.887 Thread 0x0000000016ba4800 Uncommon trap: reason=class_check action=maybe_recompile pc=0x0000000002d5d5f0 method=java.util.HashMap.putVal(ILjava/lang/Object;Ljava/lang/Object;ZZ)Ljava/lang/Object; @ 91
Event: 5.103 Thread 0x0000000017815000 Uncommon trap: reason=unstable_if action=reinterpret pc=0x0000000002e34650 method=java.util.jar.Manifest$FastInputStream.readLine([BII)I @ 87

Classes redefined (0 events):
No events

Internal exceptions (10 events):
Event: 0.676 Thread 0x000000000294d800 Exception <a 'java/security/PrivilegedActionException'> (0x00000000eb0106e0) thrown at [C:\re\workspace\8-2-build-windows-amd64-cygwin\jdk8u221\13320\hotspot\src\share\vm\prims\jvm.cpp, line 1502]
Event: 0.676 Thread 0x000000000294d800 Exception <a 'java/security/PrivilegedActionException'> (0x00000000eb0108f0) thrown at [C:\re\workspace\8-2-build-windows-amd64-cygwin\jdk8u221\13320\hotspot\src\share\vm\prims\jvm.cpp, line 1502]
Event: 0.714 Thread 0x000000000294d800 Exception <a 'java/io/FileNotFoundException'> (0x00000000eb0234a8) thrown at [C:\re\workspace\8-2-build-windows-amd64-cygwin\jdk8u221\13320\hotspot\src\share\vm\prims\jni.cpp, line 710]
Event: 0.892 Thread 0x000000000294d800 Exception <a 'java/lang/NoSuchFieldError': method resolution failed> (0x00000000eb145d58) thrown at [C:\re\workspace\8-2-build-windows-amd64-cygwin\jdk8u221\13320\hotspot\src\share\vm\prims\methodHandles.cpp, line 1167]
Event: 0.899 Thread 0x000000000294d800 Exception <a 'java/lang/NoSuchFieldError': method resolution failed> (0x00000000eb153128) thrown at [C:\re\workspace\8-2-build-windows-amd64-cygwin\jdk8u221\13320\hotspot\src\share\vm\prims\methodHandles.cpp, line 1167]
Event: 4.340 Thread 0x0000000016bba800 Implicit null exception at 0x0000000002c7fb59 to 0x0000000002c7ff09
Event: 4.451 Thread 0x0000000016bba800 Exception <a 'java/io/FileNotFoundException'> (0x00000000eb40cc10) thrown at [C:\re\workspace\8-2-build-windows-amd64-cygwin\jdk8u221\13320\hotspot\src\share\vm\prims\jni.cpp, line 710]
Event: 4.572 Thread 0x0000000016bba800 Implicit null exception at 0x0000000002c66096 to 0x0000000002c6642d
Event: 4.595 Thread 0x0000000016bba800 Implicit null exception at 0x0000000002d3d6bb to 0x0000000002d3dc41
Event: 4.724 Thread 0x0000000016bba800 Implicit null exception at 0x0000000002c9a4ef to 0x0000000002c9a559

Events (10 events):
Event: 5.355 loading class javax/swing/text/SegmentCache
Event: 5.355 loading class javax/swing/text/SegmentCache done
Event: 5.355 loading class javax/swing/text/SegmentCache$CachedSegment
Event: 5.355 loading class javax/swing/text/Segment
Event: 5.356 loading class java/text/CharacterIterator
Event: 5.356 loading class java/text/CharacterIterator done
Event: 5.356 loading class javax/swing/text/Segment done
Event: 5.356 loading class javax/swing/text/SegmentCache$CachedSegment done
Event: 5.356 loading class javax/swing/text/Utilities
Event: 5.357 loading class javax/swing/text/Utilities done


Dynamic libraries:
0x00007ff6c2430000 - 0x00007ff6c2467000 	C:\Program Files\Java\jre1.8.0_221\bin\javaw.exe
0x00007fff579d0000 - 0x00007fff57bb1000 	C:\WINDOWS\SYSTEM32\ntdll.dll
0x00007fff55130000 - 0x00007fff551e1000 	C:\WINDOWS\System32\KERNEL32.DLL
0x00007fff53df0000 - 0x00007fff54063000 	C:\WINDOWS\System32\KERNELBASE.dll
0x00007fff57380000 - 0x00007fff57421000 	C:\WINDOWS\System32\ADVAPI32.dll
0x00007fff57900000 - 0x00007fff5799e000 	C:\WINDOWS\System32\msvcrt.dll
0x00007fff553f0000 - 0x00007fff5544b000 	C:\WINDOWS\System32\sechost.dll
0x00007fff57770000 - 0x00007fff57894000 	C:\WINDOWS\System32\RPCRT4.dll
0x00007fff54fa0000 - 0x00007fff55130000 	C:\WINDOWS\System32\USER32.dll
0x00007fff54e30000 - 0x00007fff54e50000 	C:\WINDOWS\System32\win32u.dll
0x00007fff557a0000 - 0x00007fff557c8000 	C:\WINDOWS\System32\GDI32.dll
0x00007fff549c0000 - 0x00007fff54b51000 	C:\WINDOWS\System32\gdi32full.dll
0x00007fff54be0000 - 0x00007fff54c7f000 	C:\WINDOWS\System32\msvcp_win.dll
0x00007fff54c80000 - 0x00007fff54d78000 	C:\WINDOWS\System32\ucrtbase.dll
0x00007fff425a0000 - 0x00007fff42809000 	C:\WINDOWS\WinSxS\amd64_microsoft.windows.common-controls_6595b64144ccf1df_6.0.17134.1006_none_d3fbb8f77c940c3f\COMCTL32.dll
0x00007fff57440000 - 0x00007fff57761000 	C:\WINDOWS\System32\combase.dll
0x00007fff54b60000 - 0x00007fff54bd9000 	C:\WINDOWS\System32\bcryptPrimitives.dll
0x00007fff54e60000 - 0x00007fff54e8d000 	C:\WINDOWS\System32\IMM32.DLL
0x000000006fd90000 - 0x000000006fe62000 	C:\Program Files\Java\jre1.8.0_221\bin\msvcr100.dll
0x000000006ff50000 - 0x00000000707f5000 	C:\Program Files\Java\jre1.8.0_221\bin\server\jvm.dll
0x00007fff54e50000 - 0x00007fff54e58000 	C:\WINDOWS\System32\PSAPI.DLL
0x00007fff44a90000 - 0x00007fff44a99000 	C:\WINDOWS\SYSTEM32\WSOCK32.dll
0x00007fff57210000 - 0x00007fff5727c000 	C:\WINDOWS\System32\WS2_32.dll
0x00007fff4b430000 - 0x00007fff4b453000 	C:\WINDOWS\SYSTEM32\WINMM.dll
0x00007fff446d0000 - 0x00007fff446da000 	C:\WINDOWS\SYSTEM32\VERSION.dll
0x00007fff4b400000 - 0x00007fff4b42a000 	C:\WINDOWS\SYSTEM32\WINMMBASE.dll
0x00007fff54780000 - 0x00007fff547c9000 	C:\WINDOWS\System32\cfgmgr32.dll
0x00007fff4dfa0000 - 0x00007fff4dfaf000 	C:\Program Files\Java\jre1.8.0_221\bin\verify.dll
0x00007fff3d9c0000 - 0x00007fff3d9e9000 	C:\Program Files\Java\jre1.8.0_221\bin\java.dll
0x00007fff4de60000 - 0x00007fff4de76000 	C:\Program Files\Java\jre1.8.0_221\bin\zip.dll
0x00007fff557d0000 - 0x00007fff56c12000 	C:\WINDOWS\System32\SHELL32.dll
0x00007fff54e90000 - 0x00007fff54f39000 	C:\WINDOWS\System32\shcore.dll
0x00007fff54070000 - 0x00007fff5477e000 	C:\WINDOWS\System32\windows.storage.dll
0x00007fff55450000 - 0x00007fff554a1000 	C:\WINDOWS\System32\shlwapi.dll
0x00007fff53d70000 - 0x00007fff53d81000 	C:\WINDOWS\System32\kernel.appcore.dll
0x00007fff53d30000 - 0x00007fff53d4f000 	C:\WINDOWS\System32\profapi.dll
0x00007fff53cd0000 - 0x00007fff53d1c000 	C:\WINDOWS\System32\powrprof.dll
0x00007fff53d20000 - 0x00007fff53d2a000 	C:\WINDOWS\System32\FLTLIB.DLL
0x00007fff224d0000 - 0x00007fff22669000 	C:\Program Files\Java\jre1.8.0_221\bin\awt.dll
0x00007fff55650000 - 0x00007fff55712000 	C:\WINDOWS\System32\OLEAUT32.dll
0x00007fff51d90000 - 0x00007fff51e1b000 	C:\WINDOWS\SYSTEM32\apphelp.dll
0x00007fff51ec0000 - 0x00007fff51f58000 	C:\WINDOWS\system32\uxtheme.dll
0x00007fff554b0000 - 0x00007fff55623000 	C:\WINDOWS\System32\MSCTF.dll
0x00007fff521a0000 - 0x00007fff521c9000 	C:\WINDOWS\system32\dwmapi.dll
0x00007fff55290000 - 0x00007fff553e1000 	C:\WINDOWS\System32\ole32.dll
0x00007fff3d100000 - 0x00007fff3d124000 	C:\Program Files\Java\jre1.8.0_221\bin\sunec.dll
0x00007fff4dc40000 - 0x00007fff4dc5a000 	C:\Program Files\Java\jre1.8.0_221\bin\net.dll
0x00007fff471e0000 - 0x00007fff473aa000 	C:\WINDOWS\SYSTEM32\urlmon.dll
0x00007fff47ce0000 - 0x00007fff47f87000 	C:\WINDOWS\SYSTEM32\iertutil.dll
0x00007fff53720000 - 0x00007fff5372b000 	C:\WINDOWS\SYSTEM32\CRYPTBASE.DLL
0x00007fff53550000 - 0x00007fff535b6000 	C:\WINDOWS\system32\mswsock.dll
0x00007fff532a0000 - 0x00007fff532d8000 	C:\WINDOWS\SYSTEM32\IPHLPAPI.DLL
0x00007fff57430000 - 0x00007fff57438000 	C:\WINDOWS\System32\NSI.dll
0x00007fff4e290000 - 0x00007fff4e2a6000 	C:\WINDOWS\SYSTEM32\dhcpcsvc6.DLL
0x00007fff4e4e0000 - 0x00007fff4e4fa000 	C:\WINDOWS\SYSTEM32\dhcpcsvc.DLL
0x00007fff4d990000 - 0x00007fff4d9a2000 	C:\Program Files\Java\jre1.8.0_221\bin\nio.dll
0x00007fff53700000 - 0x00007fff53717000 	C:\WINDOWS\SYSTEM32\CRYPTSP.dll
0x00007fff53100000 - 0x00007fff53133000 	C:\WINDOWS\system32\rsaenh.dll
0x00007fff53830000 - 0x00007fff53855000 	C:\WINDOWS\SYSTEM32\bcrypt.dll
0x00007fff53bd0000 - 0x00007fff53bf8000 	C:\WINDOWS\SYSTEM32\USERENV.dll
0x00007fff4fa20000 - 0x00007fff4fa2d000 	C:\Program Files\Java\jre1.8.0_221\bin\management.dll
0x00007fff42810000 - 0x00007fff42826000 	C:\WINDOWS\system32\napinsp.dll
0x00007fff42580000 - 0x00007fff4259a000 	C:\WINDOWS\system32\pnrpnsp.dll
0x00007fff4efc0000 - 0x00007fff4efd9000 	C:\WINDOWS\system32\NLAapi.dll
0x00007fff532e0000 - 0x00007fff5339e000 	C:\WINDOWS\SYSTEM32\DNSAPI.dll
0x00007fff41f00000 - 0x00007fff41f0e000 	C:\WINDOWS\System32\winrnr.dll
0x00007fff41ee0000 - 0x00007fff41ef5000 	C:\WINDOWS\System32\wshbth.dll
0x00007fff47610000 - 0x00007fff4761a000 	C:\Windows\System32\rasadhlp.dll
0x00007fff4add0000 - 0x00007fff4ae42000 	C:\WINDOWS\System32\fwpuclnt.dll
0x00007fff39130000 - 0x00007fff39250000 	C:\WINDOWS\system32\opengl32.dll
0x00007fff39920000 - 0x00007fff3994c000 	C:\WINDOWS\SYSTEM32\GLU32.dll
0x00007fff3c0c0000 - 0x00007fff3c109000 	C:\Program Files\Java\jre1.8.0_221\bin\fontmanager.dll
0x00007fff551f0000 - 0x00007fff55290000 	C:\WINDOWS\System32\clbcatq.dll
0x00007fff4a630000 - 0x00007fff4a7de000 	C:\WINDOWS\SYSTEM32\WindowsCodecs.dll
0x00007fff34630000 - 0x00007fff34688000 	C:\WINDOWS\system32\dataexchange.dll
0x00007fff50dd0000 - 0x00007fff510db000 	C:\WINDOWS\system32\d3d11.dll
0x00007fff516b0000 - 0x00007fff5184c000 	C:\WINDOWS\system32\dcomp.dll
0x00007fff52a60000 - 0x00007fff52b1b000 	C:\WINDOWS\system32\dxgi.dll
0x00007fff52300000 - 0x00007fff524b8000 	C:\WINDOWS\system32\twinapi.appcore.dll
0x00007fff52280000 - 0x00007fff522a1000 	C:\WINDOWS\system32\RMCLIENT.dll
0x00007fff4a510000 - 0x00007fff4a5a6000 	C:\WINDOWS\System32\TextInputFramework.dll
0x00007fff51850000 - 0x00007fff5192a000 	C:\WINDOWS\System32\CoreMessaging.dll
0x00007fff4a1f0000 - 0x00007fff4a50e000 	C:\WINDOWS\System32\CoreUIComponents.dll
0x00007fff52d90000 - 0x00007fff52dc1000 	C:\WINDOWS\SYSTEM32\ntmarta.dll
0x00007fff502b0000 - 0x00007fff503fd000 	C:\WINDOWS\SYSTEM32\wintypes.dll
0x00007fff3c070000 - 0x00007fff3c0b2000 	C:\Program Files\Java\jre1.8.0_221\bin\t2k.dll

VM Arguments:
jvm_args: -Dfile.encoding=Cp1252 
java_command: Login
java_class_path (initial): C:\Users\Andrei\Desktop\Proyectos java\Windows\bin;C:\Users\Andrei\Desktop\Proyectos java\Windows\librerias\mongo-java-driver-3.6.3.jar;C:\Users\Andrei\Desktop\Proyectos java\Windows\librerias\mongodb-driver-3.6.3.jar;C:\Users\Andrei\Desktop\Proyectos java\Windows\librerias\mail.jar
Launcher Type: SUN_STANDARD

Environment Variables:
PATH=C:/Program Files/Java/jre1.8.0_221/bin/server;C:/Program Files/Java/jre1.8.0_221/bin;C:/Program Files/Java/jre1.8.0_221/lib/amd64;C:\Program Files (x86)\Intel\iCLS Client\;C:\Program Files\Intel\iCLS Client\;C:\Program Files (x86)\Common Files\Oracle\Java\javapath;C:\WINDOWS\system32;C:\WINDOWS;C:\WINDOWS\System32\Wbem;C:\WINDOWS\System32\WindowsPowerShell\v1.0\;C:\Program Files\Java\jdk1.8.0_221\bin;;C:\WINDOWS\System32\OpenSSH\;C:\xampp\php;C:\ProgramData\ComposerSetup\bin;C:\Users\Andrei\AppData\Local\Microsoft\WindowsApps;C:\Program Files\MongoDB\Server\4.2\bin;C:\Users\Andrei\AppData\Roaming\Composer\vendor\bin;C:\Users\Andrei\Desktop;
USERNAME=Andrei
OS=Windows_NT
PROCESSOR_IDENTIFIER=Intel64 Family 6 Model 69 Stepping 1, GenuineIntel



---------------  S Y S T E M  ---------------

OS: Windows 10.0 , 64 bit Build 17134 (10.0.17134.753)

CPU:total 4 (initial active 4) (2 cores per cpu, 2 threads per core) family 6 model 69 stepping 1, cmov, cx8, fxsr, mmx, sse, sse2, sse3, ssse3, sse4.1, sse4.2, popcnt, avx, avx2, aes, clmul, erms, lzcnt, ht, tsc, tscinvbit, bmi1, bmi2

Memory: 4k page, physical 4133408k(261120k free), swap 16716320k(744k free)

vm_info: Java HotSpot(TM) 64-Bit Server VM (25.221-b11) for windows-amd64 JRE (1.8.0_221-b11), built on Jul  4 2019 04:39:29 by "java_re" with MS VC++ 10.0 (VS2010)

time: Fri Sep 13 11:43:52 2019
timezone: Hora estándar, América Central
elapsed time: 5 seconds (0d 0h 0m 5s)

